<?xml version="1.0" encoding="UTF-8"?>
<robot generator="Robot 3.2.2 (Python 3.9.1 on win32)" generated="20210312 07:52:05.010" rpa="false">
<suite id="s1" name="Exclusive" source="D:\lia-project\TestCase\Exclusive.robot">
<test id="s1-t1" name="Login RCTIPlus">
<kw name="Open Browser" library="LoginKeywords">
<arguments>
<arg>${URL}</arg>
<arg>${Browser}</arg>
</arguments>
<kw name="Open Browser" library="Selenium2Library">
<doc>Opens a new browser instance to the optional ``url``.</doc>
<arguments>
<arg>${URL}</arg>
<arg>${Browser}</arg>
</arguments>
<msg timestamp="20210312 07:52:07.469" level="INFO">Opening browser 'chrome' to base url 'http://rc-webd.rctiplus.com/login'.</msg>
<status status="PASS" starttime="20210312 07:52:07.468" endtime="20210312 07:52:21.179"></status>
</kw>
<kw name="Maximize Browser Window" library="Selenium2Library">
<doc>Maximizes current browser window.</doc>
<status status="PASS" starttime="20210312 07:52:21.180" endtime="20210312 07:52:21.327"></status>
</kw>
<status status="PASS" starttime="20210312 07:52:07.467" endtime="20210312 07:52:21.327"></status>
</kw>
<kw name="Enter Username" library="LoginKeywords">
<arguments>
<arg>${Username}</arg>
</arguments>
<kw name="Input Text" library="Selenium2Library">
<doc>Types the given ``text`` into the text field identified by ``locator``.</doc>
<arguments>
<arg>${LoginUsername}</arg>
<arg>${Username}</arg>
</arguments>
<msg timestamp="20210312 07:52:21.329" level="INFO">Typing text 'liawafiroh@gmail.com' into text field 'id:username'.</msg>
<status status="PASS" starttime="20210312 07:52:21.329" endtime="20210312 07:52:21.630"></status>
</kw>
<status status="PASS" starttime="20210312 07:52:21.328" endtime="20210312 07:52:21.631"></status>
</kw>
<kw name="Enter Password" library="LoginKeywords">
<arguments>
<arg>${Password}</arg>
</arguments>
<kw name="Input Text" library="Selenium2Library">
<doc>Types the given ``text`` into the text field identified by ``locator``.</doc>
<arguments>
<arg>${LoginPassword}</arg>
<arg>${Password}</arg>
</arguments>
<msg timestamp="20210312 07:52:21.634" level="INFO">Typing text 'lialialia' into text field 'id:password'.</msg>
<status status="PASS" starttime="20210312 07:52:21.633" endtime="20210312 07:52:21.816"></status>
</kw>
<status status="PASS" starttime="20210312 07:52:21.633" endtime="20210312 07:52:21.816"></status>
</kw>
<kw name="Sleep" library="BuiltIn">
<doc>Pauses the test executed for the given time.</doc>
<arguments>
<arg>${Delay}</arg>
</arguments>
<msg timestamp="20210312 07:52:26.819" level="INFO">Slept 5 seconds</msg>
<status status="PASS" starttime="20210312 07:52:21.818" endtime="20210312 07:52:26.819"></status>
</kw>
<kw name="Click Login" library="LoginKeywords">
<kw name="Click Button" library="Selenium2Library">
<doc>Clicks the button identified by ``locator``.</doc>
<arguments>
<arg>${Btn_Login}</arg>
</arguments>
<msg timestamp="20210312 07:52:26.824" level="INFO">Clicking button 'id:btnLogin'.</msg>
<status status="PASS" starttime="20210312 07:52:26.823" endtime="20210312 07:52:38.979"></status>
</kw>
<status status="PASS" starttime="20210312 07:52:26.822" endtime="20210312 07:52:38.979"></status>
</kw>
<kw name="Sleep" library="BuiltIn">
<doc>Pauses the test executed for the given time.</doc>
<arguments>
<arg>${Delay}</arg>
</arguments>
<msg timestamp="20210312 07:52:43.982" level="INFO">Slept 5 seconds</msg>
<status status="PASS" starttime="20210312 07:52:38.980" endtime="20210312 07:52:43.983"></status>
</kw>
<kw name="Wait Home Page" library="LoginKeywords">
<kw name="Wait Until Element Is Visible" library="Selenium2Library">
<doc>Waits until the element ``locator`` is visible.</doc>
<arguments>
<arg>${HomePage}</arg>
</arguments>
<status status="PASS" starttime="20210312 07:52:43.986" endtime="20210312 07:52:44.060"></status>
</kw>
<status status="PASS" starttime="20210312 07:52:43.985" endtime="20210312 07:52:44.060"></status>
</kw>
<status status="PASS" starttime="20210312 07:52:07.464" endtime="20210312 07:52:44.062" critical="yes"></status>
</test>
<test id="s1-t2" name="Exclusive">
<kw name="Click Page Exclusive" library="ExclusiveKeywords">
<kw name="Click Element" library="Selenium2Library">
<doc>Click the element identified by ``locator``.</doc>
<arguments>
<arg>${Menu_Exclusive}</arg>
</arguments>
<msg timestamp="20210312 07:52:44.067" level="INFO">Clicking element 'xpath://a[contains(text(),'EXCLUSIVE')]'.</msg>
<status status="PASS" starttime="20210312 07:52:44.067" endtime="20210312 07:52:49.235"></status>
</kw>
<status status="PASS" starttime="20210312 07:52:44.066" endtime="20210312 07:52:49.237"></status>
</kw>
<kw name="Wait List Exclusive" library="ExclusiveKeywords">
<kw name="Wait Until Element Is Visible" library="Selenium2Library">
<doc>Waits until the element ``locator`` is visible.</doc>
<arguments>
<arg>${List_Exclusive}</arg>
</arguments>
<status status="PASS" starttime="20210312 07:52:49.240" endtime="20210312 07:52:49.576"></status>
</kw>
<status status="PASS" starttime="20210312 07:52:49.238" endtime="20210312 07:52:49.577"></status>
</kw>
<kw name="Click Menu All" library="ExclusiveKeywords">
<kw name="Click Element" library="Selenium2Library">
<doc>Click the element identified by ``locator``.</doc>
<arguments>
<arg>${Menu_All}</arg>
</arguments>
<msg timestamp="20210312 07:52:49.580" level="INFO">Clicking element 'xpath://body/section[@id='exclusive-menu']/div[1]/div[1]/ul[1]/div[1]/div[1]/div[1]/div[1]/li[1]'.</msg>
<status status="PASS" starttime="20210312 07:52:49.579" endtime="20210312 07:52:51.507"></status>
</kw>
<status status="PASS" starttime="20210312 07:52:49.578" endtime="20210312 07:52:51.508"></status>
</kw>
<kw name="Click Play" library="ExclusiveKeywords">
<kw name="Click Element" library="Selenium2Library">
<doc>Click the element identified by ``locator``.</doc>
<arguments>
<arg>${Btn_Play}</arg>
</arguments>
<msg timestamp="20210312 07:52:51.512" level="INFO">Clicking element 'xpath://body/section[@id='feeds']/div[1]/div[1]/div[1]/div[1]/div[2]/div[1]/a[1]/img[1]'.</msg>
<status status="PASS" starttime="20210312 07:52:51.512" endtime="20210312 07:52:52.159"></status>
</kw>
<status status="PASS" starttime="20210312 07:52:51.510" endtime="20210312 07:52:52.159"></status>
</kw>
<kw name="Sleep" library="BuiltIn">
<doc>Pauses the test executed for the given time.</doc>
<arguments>
<arg>${Delay1}</arg>
</arguments>
<msg timestamp="20210312 07:53:17.162" level="INFO">Slept 25 seconds</msg>
<status status="PASS" starttime="20210312 07:52:52.160" endtime="20210312 07:53:17.163"></status>
</kw>
<kw name="Click Pause" library="ExclusiveKeywords">
<kw name="Click Element" library="Selenium2Library">
<doc>Click the element identified by ``locator``.</doc>
<arguments>
<arg>${Btn_Pause}</arg>
</arguments>
<msg timestamp="20210312 07:53:17.168" level="INFO">Clicking element 'xpath://div[@id='player']'.</msg>
<kw name="Capture Page Screenshot" library="Selenium2Library">
<doc>Takes a screenshot of the current page and embeds it into a log file.</doc>
<msg timestamp="20210312 07:53:18.815" level="INFO" html="yes">&lt;/td&gt;&lt;/tr&gt;&lt;tr&gt;&lt;td colspan="3"&gt;&lt;a href="selenium-screenshot-53.png"&gt;&lt;img src="selenium-screenshot-53.png" width="800px"&gt;&lt;/a&gt;</msg>
<status status="PASS" starttime="20210312 07:53:18.295" endtime="20210312 07:53:18.815"></status>
</kw>
<msg timestamp="20210312 07:53:18.952" level="FAIL">ElementClickInterceptedException: Message: element click intercepted: Element &lt;div id="player" class="jwplayer jw-reset jw-state-error jw-stretch-fill jw-flag-aspect-mode jw-breakpoint-4 jw-flag-user-inactive" tabindex="0" aria-label="Video Player" role="application" style="width: 100%;"&gt;...&lt;/div&gt; is not clickable at point (631, 310). Other element would receive the click: &lt;img id="btn-play" src="https://rc-webd.rctiplus.com/assets/image/elements/svg/group-2.svg" alt=""&gt;
  (Session info: chrome=88.0.4324.190)
</msg>
<status status="FAIL" starttime="20210312 07:53:17.167" endtime="20210312 07:53:18.952"></status>
</kw>
<status status="FAIL" starttime="20210312 07:53:17.166" endtime="20210312 07:53:18.952"></status>
</kw>
<status status="FAIL" starttime="20210312 07:52:44.065" endtime="20210312 07:53:18.954" critical="yes">ElementClickInterceptedException: Message: element click intercepted: Element &lt;div id="player" class="jwplayer jw-reset jw-state-error jw-stretch-fill jw-flag-aspect-mode jw-breakpoint-4 jw-flag-user-inactive" tabindex="0" aria-label="Video Player" role="application" style="width: 100%;"&gt;...&lt;/div&gt; is not clickable at point (631, 310). Other element would receive the click: &lt;img id="btn-play" src="https://rc-webd.rctiplus.com/assets/image/elements/svg/group-2.svg" alt=""&gt;
  (Session info: chrome=88.0.4324.190)
</status>
</test>
<test id="s1-t3" name="Logout RCTIPlus">
<kw name="Click Account" library="LogoutKeywords">
<arguments>
<arg>${Btn_Account}</arg>
</arguments>
<kw name="Click Element" library="Selenium2Library">
<doc>Click the element identified by ``locator``.</doc>
<arguments>
<arg>${Btn_Account}</arg>
</arguments>
<msg timestamp="20210312 07:53:18.959" level="INFO">Clicking element 'xpath://body/nav[1]/div[1]/div[1]/ul[2]/li[3]/a[1]'.</msg>
<kw name="Capture Page Screenshot" library="Selenium2Library">
<doc>Takes a screenshot of the current page and embeds it into a log file.</doc>
<msg timestamp="20210312 07:53:20.524" level="INFO" html="yes">&lt;/td&gt;&lt;/tr&gt;&lt;tr&gt;&lt;td colspan="3"&gt;&lt;a href="selenium-screenshot-54.png"&gt;&lt;img src="selenium-screenshot-54.png" width="800px"&gt;&lt;/a&gt;</msg>
<status status="PASS" starttime="20210312 07:53:20.068" endtime="20210312 07:53:20.524"></status>
</kw>
<msg timestamp="20210312 07:53:20.526" level="FAIL">ElementClickInterceptedException: Message: element click intercepted: Element &lt;a class="nav-link" href="https://rc-webd.rctiplus.com/login"&gt;...&lt;/a&gt; is not clickable at point (1140, 28). Other element would receive the click: &lt;div class="modal fade active show" id="modalPlayerVIdJS" tabindex="-1" role="dialog" aria-labelledby="exampleModalLabel" data-backdrop="static" data-keyboard="false" data-id="16004" data-type="extra" data-poster="https://rc-static.rctiplus.id/media/600/files/fta_rcti/Banner_Landscape/IDA_2020.jpg" style="padding-right: 17px; display: block;"&gt;...&lt;/div&gt;
  (Session info: chrome=88.0.4324.190)
</msg>
<status status="FAIL" starttime="20210312 07:53:18.958" endtime="20210312 07:53:20.526"></status>
</kw>
<status status="FAIL" starttime="20210312 07:53:18.957" endtime="20210312 07:53:20.527"></status>
</kw>
<status status="FAIL" starttime="20210312 07:53:18.956" endtime="20210312 07:53:20.529" critical="yes">ElementClickInterceptedException: Message: element click intercepted: Element &lt;a class="nav-link" href="https://rc-webd.rctiplus.com/login"&gt;...&lt;/a&gt; is not clickable at point (1140, 28). Other element would receive the click: &lt;div class="modal fade active show" id="modalPlayerVIdJS" tabindex="-1" role="dialog" aria-labelledby="exampleModalLabel" data-backdrop="static" data-keyboard="false" data-id="16004" data-type="extra" data-poster="https://rc-static.rctiplus.id/media/600/files/fta_rcti/Banner_Landscape/IDA_2020.jpg" style="padding-right: 17px; display: block;"&gt;...&lt;/div&gt;
  (Session info: chrome=88.0.4324.190)
</status>
</test>
<status status="FAIL" starttime="20210312 07:52:05.013" endtime="20210312 07:53:20.534"></status>
</suite>
<statistics>
<total>
<stat pass="1" fail="2">Critical Tests</stat>
<stat pass="1" fail="2">All Tests</stat>
</total>
<tag>
</tag>
<suite>
<stat pass="1" fail="2" id="s1" name="Exclusive">Exclusive</stat>
</suite>
</statistics>
<errors>
</errors>
</robot>
